<?xml version="1.0" encoding="UTF-8"?>
<testng-results skipped="0" failed="0" ignored="0" total="1" passed="1">
  <reporter-output>
  </reporter-output>
  <suite name="Default suite" duration-ms="20981" started-at="2019-09-28T13:39:50Z" finished-at="2019-09-28T13:40:11Z">
    <groups>
    </groups>
    <test name="Default test" duration-ms="20981" started-at="2019-09-28T13:39:50Z" finished-at="2019-09-28T13:40:11Z">
      <class name="Testng.Demo_Open_Cart">
        <test-method status="PASS" signature="f()[pri:0, instance:Testng.Demo_Open_Cart@5622fdf]" name="f" duration-ms="20875" started-at="2019-09-28T13:39:50Z" finished-at="2019-09-28T13:40:11Z">
          <reporter-output>
          </reporter-output>
        </test-method> <!-- f -->
      </class> <!-- Testng.Demo_Open_Cart -->
    </test> <!-- Default test -->
  </suite> <!-- Default suite -->
</testng-results>
